<?xml version="1.0" encoding="UTF-8"?>
<!-- Generated by org.testng.reporters.JUnitReportReporter -->
<testsuite hostname="Ananya-PC" failures="0" tests="1" name="TestCases.TC01_Add_Nationality" time="29.248" errors="0" timestamp="2021-03-13T15:12:52 IST" skipped="0">
  <testcase classname="TestCases.TC01_Add_Nationality" name="Test1" time="29.248"/>
  <system-out>
<table> <tr >  <img   style="border:1px solid black;"      src="C:\HTML Report\HtmlTemplates\Logo.JPEG"></tr><tr   ><center><font color="red"  size="15" >TC01_Add_Nationality_2021_Mar_13_3_12_24_PM</font></center></tr><tr bgcolor="#9370DB"> <th width="100px"> <center><font color="white"  size="4" >Steps</font></center><font color="white"  size="4" ></font></center> </th> <th width="450px" ><center><font color="white"  size="4" >Details </font> </center></th> <th width="100px" ><center><font color="white"  size="4" >Status</font></center></th>  <th  width="250px"  ><center><font color="white"  size="4" >Screen Shots</font></center></th> <th width="250px"  ><center><font color="white"  size="4" >Date & Time</font></center></th> 	 </tr>         <tr bgcolor="#eee"> <th width="100px"> <center>Step&nbsp;1</center> </th> <th width="450px" ><center><b><font color='black'>   Login Page - Orange HRM Login Page</b> </font></center></th> <th width="100px" ><center><img src='file:///C:\HTML Report\HtmlTemplates\passed.ico'    +     "width="30" + height="30"></img></center></th>  <th  width="250px"  ><center><a href=C:/HTML Report/test-output/TempScreenShots/TC01_Add_Nationality_2021_Mar_13_3_12_24_PM_2021_Mar_13_3_12_24_044_PM/13_Mar_2021 3_12_36_164 PM.png target="popup" onclick="window.open('C:/HTML Report/test-output/TempScreenShots/TC01_Add_Nationality_2021_Mar_13_3_12_24_PM_2021_Mar_13_3_12_24_044_PM/13_Mar_2021 3_12_36_164 PM.png','popup','width=600,height=600'); return false;"> ScreenShot</a> </center></th> <th width="250px"  ><center>2021_Mar_13_3_12_36_809_PM</center></th> 	 </tr>        <tr bgcolor="#ddd"> <th width="100px"> <center>Step&nbsp;2</center> </th> <th width="450px" ><center><b><font color='black'>   Login Page - credentials</b> </font></center></th> <th width="100px" ><center><img src='file:///C:\HTML Report\HtmlTemplates\passed.ico'    +     "width="30" + height="30"></img></center></th>  <th  width="250px"  ><center><a href=C:/HTML Report/test-output/TempScreenShots/TC01_Add_Nationality_2021_Mar_13_3_12_24_PM_2021_Mar_13_3_12_24_044_PM/13_Mar_2021 3_12_37_226 PM.png target="popup" onclick="window.open('C:/HTML Report/test-output/TempScreenShots/TC01_Add_Nationality_2021_Mar_13_3_12_24_PM_2021_Mar_13_3_12_24_044_PM/13_Mar_2021 3_12_37_226 PM.png','popup','width=600,height=600'); return false;"> ScreenShot</a> </center></th> <th width="250px"  ><center>2021_Mar_13_3_12_37_722_PM</center></th> 	 </tr>        <tr bgcolor="#eee"> <th width="100px"> <center>Step&nbsp;3</center> </th> <th width="450px" ><center><b><font color='black'>   Nationality Page - Nationality Entered</b> </font></center></th> <th width="100px" ><center><img src='file:///C:\HTML Report\HtmlTemplates\passed.ico'    +     "width="30" + height="30"></img></center></th>  <th  width="250px"  ><center><a href=C:/HTML Report/test-output/TempScreenShots/TC01_Add_Nationality_2021_Mar_13_3_12_24_PM_2021_Mar_13_3_12_24_044_PM/13_Mar_2021 3_12_44_909 PM.png target="popup" onclick="window.open('C:/HTML Report/test-output/TempScreenShots/TC01_Add_Nationality_2021_Mar_13_3_12_24_PM_2021_Mar_13_3_12_24_044_PM/13_Mar_2021 3_12_44_909 PM.png','popup','width=600,height=600'); return false;"> ScreenShot</a> </center></th> <th width="250px"  ><center>2021_Mar_13_3_12_45_378_PM</center></th> 	 </tr>        <tr bgcolor="#ddd"> <th width="100px"> <center>Step&nbsp;4</center> </th> <th width="450px" ><center><b><font color='black'>   Nationality Page - Nationality Entered</b> </font></center></th> <th width="100px" ><center><img src='file:///C:\HTML Report\HtmlTemplates\passed.ico'    +     "width="30" + height="30"></img></center></th>  <th  width="250px"  ><center><a href=C:/HTML Report/test-output/TempScreenShots/TC01_Add_Nationality_2021_Mar_13_3_12_24_PM_2021_Mar_13_3_12_24_044_PM/13_Mar_2021 3_12_45_379 PM.png target="popup" onclick="window.open('C:/HTML Report/test-output/TempScreenShots/TC01_Add_Nationality_2021_Mar_13_3_12_24_PM_2021_Mar_13_3_12_24_044_PM/13_Mar_2021 3_12_45_379 PM.png','popup','width=600,height=600'); return false;"> ScreenShot</a> </center></th> <th width="250px"  ><center>2021_Mar_13_3_12_45_783_PM</center></th> 	 </tr>        <tr bgcolor="#eee"> <th width="100px"> <center>Step&nbsp;5</center> </th> <th width="450px" ><center><b><font color='black'>   Nationality Page - Scroll and verify the record details</b> </font></center></th> <th width="100px" ><center><img src='file:///C:\HTML Report\HtmlTemplates\passed.ico'    +     "width="30" + height="30"></img></center></th>  <th  width="250px"  ><center><a href=C:/HTML Report/test-output/TempScreenShots/TC01_Add_Nationality_2021_Mar_13_3_12_24_PM_2021_Mar_13_3_12_24_044_PM/13_Mar_2021 3_12_46_262 PM.png target="popup" onclick="window.open('C:/HTML Report/test-output/TempScreenShots/TC01_Add_Nationality_2021_Mar_13_3_12_24_PM_2021_Mar_13_3_12_24_044_PM/13_Mar_2021 3_12_46_262 PM.png','popup','width=600,height=600'); return false;"> ScreenShot</a> </center></th> <th width="250px"  ><center>2021_Mar_13_3_12_46_713_PM</center></th> 	 </tr>        <tr bgcolor="#ddd"> <th width="100px"> <center>Step&nbsp;6</center> </th> <th width="450px" ><center><b><font color='black'>   HomePage - Logout</b> </font></center></th> <th width="100px" ><center><img src='file:///C:\HTML Report\HtmlTemplates\passed.ico'    +     "width="30" + height="30"></img></center></th>  <th  width="250px"  ><center><a href=C:/HTML Report/test-output/TempScreenShots/TC01_Add_Nationality_2021_Mar_13_3_12_24_PM_2021_Mar_13_3_12_24_044_PM/13_Mar_2021 3_12_47_172 PM.png target="popup" onclick="window.open('C:/HTML Report/test-output/TempScreenShots/TC01_Add_Nationality_2021_Mar_13_3_12_24_PM_2021_Mar_13_3_12_24_044_PM/13_Mar_2021 3_12_47_172 PM.png','popup','width=600,height=600'); return false;"> ScreenShot</a> </center></th> <th width="250px"  ><center>2021_Mar_13_3_12_47_620_PM</center></th> 	 </tr>        <tr bgcolor="#eee"> <th width="100px"> <center>Step&nbsp;7</center> </th> <th width="450px" ><center><b><font color='black'>   HomePage - after Logout</b> </font></center></th> <th width="100px" ><center><img src='file:///C:\HTML Report\HtmlTemplates\passed.ico'    +     "width="30" + height="30"></img></center></th>  <th  width="250px"  ><center><a href=C:/HTML Report/test-output/TempScreenShots/TC01_Add_Nationality_2021_Mar_13_3_12_24_PM_2021_Mar_13_3_12_24_044_PM/13_Mar_2021 3_12_48_676 PM.png target="popup" onclick="window.open('C:/HTML Report/test-output/TempScreenShots/TC01_Add_Nationality_2021_Mar_13_3_12_24_PM_2021_Mar_13_3_12_24_044_PM/13_Mar_2021 3_12_48_676 PM.png','popup','width=600,height=600'); return false;"> ScreenShot</a> </center></th> <th width="250px"  ><center>2021_Mar_13_3_12_49_155_PM</center></th> 	 </tr>        </system-out>
</testsuite> <!-- TestCases.TC01_Add_Nationality -->
