<?xml version="1.0" encoding="UTF-8"?>
<!-- Generated by org.testng.reporters.JUnitReportReporter -->
<testsuite hostname="Ananya-PC" failures="0" tests="1" name="TestCases.employeelist_Add" time="18.002" errors="0" timestamp="2021-03-13T15:25:37 IST" skipped="0">
  <testcase classname="TestCases.employeelist_Add" name="edit_emploee" time="18.002"/>
  <system-out/>
</testsuite> <!-- TestCases.employeelist_Add -->
