<?xml version="1.0" encoding="UTF-8"?>
<!-- Generated by org.testng.reporters.JUnitReportReporter -->
<testsuite hostname="Ananya-PC" failures="0" tests="1" name="TestCases.Edit_employee" time="0.000" errors="0" timestamp="2021-03-13T16:27:31 IST" skipped="1">
  <testcase classname="TestCases.Edit_employee" name="empppp_ed" time="0.000">
    <skipped/>
  </testcase> <!-- empppp_ed -->
  <system-out/>
</testsuite> <!-- TestCases.Edit_employee -->
